CRITICAL - 2026-04-28 23:03:21 --> Error: Class "App\Models\RegistrosModel" not found
[Method: POST, Route: dashboard]
in APPPATH\Controllers\Home.php on line 36.
 1 SYSTEMPATH\CodeIgniter.php(951): App\Controllers\Home->dashboard()
 2 SYSTEMPATH\CodeIgniter.php(497): CodeIgniter\CodeIgniter->runController(Object(App\Controllers\Home))
 3 SYSTEMPATH\CodeIgniter.php(340): CodeIgniter\CodeIgniter->handleRequest(null, Object(Config\Cache), false)
 4 SYSTEMPATH\Boot.php(417): CodeIgniter\CodeIgniter->run()
 5 SYSTEMPATH\Boot.php(68): CodeIgniter\Boot::runCodeIgniter(Object(CodeIgniter\CodeIgniter))
 6 FCPATH\index.php(64): CodeIgniter\Boot::bootWeb(Object(Config\Paths))
CRITICAL - 2026-04-28 23:20:09 --> Error: Class "Codeigniter\Model" not found
[Method: POST, Route: registrar]
in APPPATH\Models\AreaModel.php on line 7.
 1 SYSTEMPATH\Autoloader\Autoloader.php(315): include_once()
 2 SYSTEMPATH\Autoloader\Autoloader.php(295): CodeIgniter\Autoloader\Autoloader->includeFile('C:\\xampp\\htdocs\\cadastro_de_visitantes\\app\\Models\\AreaModel.php')
 3 SYSTEMPATH\Autoloader\Autoloader.php(271): CodeIgniter\Autoloader\Autoloader->loadInNamespace('App\\Models\\AreaModel')
 4 APPPATH\Controllers\Home.php(18): CodeIgniter\Autoloader\Autoloader->loadClass('App\\Models\\AreaModel')
 5 SYSTEMPATH\CodeIgniter.php(951): App\Controllers\Home->registrar()
 6 SYSTEMPATH\CodeIgniter.php(497): CodeIgniter\CodeIgniter->runController(Object(App\Controllers\Home))
 7 SYSTEMPATH\CodeIgniter.php(340): CodeIgniter\CodeIgniter->handleRequest(null, Object(Config\Cache), false)
 8 SYSTEMPATH\Boot.php(417): CodeIgniter\CodeIgniter->run()
 9 SYSTEMPATH\Boot.php(68): CodeIgniter\Boot::runCodeIgniter(Object(CodeIgniter\CodeIgniter))
10 FCPATH\index.php(64): CodeIgniter\Boot::bootWeb(Object(Config\Paths))
