CRITICAL - 2026-05-07 18:44:44 --> Error: Class "App\Models\UsuarioModel" not found
[Method: POST, Route: home/autenticar]
in APPPATH\Controllers\Home.php on line 18.
 1 SYSTEMPATH\CodeIgniter.php(951): App\Controllers\Home->autenticar()
 2 SYSTEMPATH\CodeIgniter.php(497): CodeIgniter\CodeIgniter->runController(Object(App\Controllers\Home))
 3 SYSTEMPATH\CodeIgniter.php(340): CodeIgniter\CodeIgniter->handleRequest(null, Object(Config\Cache), false)
 4 SYSTEMPATH\Boot.php(417): CodeIgniter\CodeIgniter->run()
 5 SYSTEMPATH\Boot.php(68): CodeIgniter\Boot::runCodeIgniter(Object(CodeIgniter\CodeIgniter))
 6 FCPATH\index.php(64): CodeIgniter\Boot::bootWeb(Object(Config\Paths))
CRITICAL - 2026-05-07 18:46:46 --> Error: Class "App\Models\UsuarioModel" not found
[Method: POST, Route: home/autenticar]
in APPPATH\Controllers\Home.php on line 18.
 1 SYSTEMPATH\CodeIgniter.php(951): App\Controllers\Home->autenticar()
 2 SYSTEMPATH\CodeIgniter.php(497): CodeIgniter\CodeIgniter->runController(Object(App\Controllers\Home))
 3 SYSTEMPATH\CodeIgniter.php(340): CodeIgniter\CodeIgniter->handleRequest(null, Object(Config\Cache), false)
 4 SYSTEMPATH\Boot.php(417): CodeIgniter\CodeIgniter->run()
 5 SYSTEMPATH\Boot.php(68): CodeIgniter\Boot::runCodeIgniter(Object(CodeIgniter\CodeIgniter))
 6 FCPATH\index.php(64): CodeIgniter\Boot::bootWeb(Object(Config\Paths))
CRITICAL - 2026-05-07 18:59:50 --> TypeError: App\Models\UsuarioModel::autenticar(): Argument #1 ($usuario) must be of type string, null given, called in C:\xampp\htdocs\cadastro_de_visitantes\app\Controllers\Home.php on line 23
[Method: POST, Route: home/autenticar]
in APPPATH\Models\UsuarioModel.php on line 11.
 1 APPPATH\Controllers\Home.php(23): App\Models\UsuarioModel->autenticar(null, null)
 2 SYSTEMPATH\CodeIgniter.php(951): App\Controllers\Home->autenticar()
 3 SYSTEMPATH\CodeIgniter.php(497): CodeIgniter\CodeIgniter->runController(Object(App\Controllers\Home))
 4 SYSTEMPATH\CodeIgniter.php(340): CodeIgniter\CodeIgniter->handleRequest(null, Object(Config\Cache), false)
 5 SYSTEMPATH\Boot.php(417): CodeIgniter\CodeIgniter->run()
 6 SYSTEMPATH\Boot.php(68): CodeIgniter\Boot::runCodeIgniter(Object(CodeIgniter\CodeIgniter))
 7 FCPATH\index.php(64): CodeIgniter\Boot::bootWeb(Object(Config\Paths))
